[00:00:04] [Server thread/INFO]: All players have been successfully backed up
[00:00:14] [Server thread/INFO]: VAFL has made the advancement [Suit Up]
[00:01:02] [Server thread/WARN]: Can't keep up! Is the server overloaded? Running 2091ms or 41 ticks behind
[00:01:19] [Server thread/WARN]: Can't keep up! Is the server overloaded? Running 2019ms or 40 ticks behind
[00:01:33] [Server thread/INFO]: Mean tick: 53ms decreasing chunk view distance to: 12
[00:02:03] [Server thread/INFO]: Mean tick: 40ms increasing chunk view distance to: 13
[00:04:05] [Server thread/INFO]: Mean tick: 49ms decreasing chunk view distance to: 12
[00:04:06] [Server thread/WARN]: Can't keep up! Is the server overloaded? Running 2024ms or 40 ticks behind
[00:05:05] [Server thread/INFO]: Mean tick: 39ms increasing chunk view distance to: 13
[00:05:35] [Server thread/INFO]: Mean tick: 41ms increasing chunk view distance to: 14
[00:07:33] [Server thread/WARN]: Can't keep up! Is the server overloaded? Running 2017ms or 40 ticks behind
[00:07:37] [Server thread/INFO]: Mean tick: 50ms decreasing chunk view distance to: 13
[00:07:50] [Server thread/WARN]: Can't keep up! Is the server overloaded? Running 2365ms or 47 ticks behind
[00:08:08] [Server thread/WARN]: Can't keep up! Is the server overloaded? Running 3029ms or 60 ticks behind
[00:08:14] [Server thread/INFO]: Mean tick: 56ms decreasing chunk view distance to: 12
[00:08:29] [Server thread/WARN]: Can't keep up! Is the server overloaded? Running 5523ms or 110 ticks behind
[00:08:48] [Server thread/INFO]: Mean tick: 54ms decreasing chunk view distance to: 11
[00:10:18] [Server thread/INFO]: Mean tick: 37ms increasing chunk view distance to: 12
[00:10:48] [Server thread/INFO]: Mean tick: 34ms increasing chunk view distance to: 13
[00:11:19] [Server thread/INFO]: Mean tick: 32ms increasing chunk view distance to: 14
[00:11:48] [Server thread/INFO]: Mean tick: 34ms increasing chunk view distance to: 15
[00:12:18] [Server thread/INFO]: Mean tick: 35ms increasing chunk view distance to: 16
[00:12:30] [Server thread/INFO]: VAFL has made the advancement [Last Resort]
[00:12:30] [Server thread/INFO]: VAFL has made the advancement [Another Mouth to Feed]
[00:12:48] [Server thread/INFO]: Mean tick: 36ms increasing chunk view distance to: 17
[00:13:18] [Server thread/INFO]: Mean tick: 37ms increasing chunk view distance to: 18
[00:13:48] [Server thread/INFO]: Mean tick: 37ms increasing chunk view distance to: 19
[00:14:18] [Server thread/INFO]: Mean tick: 38ms increasing chunk view distance to: 20
[00:16:02] [Server thread/INFO]: VAFL has made the advancement [First Village]
[00:17:38] [Server thread/INFO]: Villager Villager['Villager'/907511, l='ServerLevel[biomesoplenty]', x=-423.70, y=60.00, z=177.50] died, message: 'Villager was slain by Zombie'
[00:18:11] [Server thread/WARN]: Can't keep up! Is the server overloaded? Running 2004ms or 40 ticks behind
[00:18:21] [Server thread/INFO]: Mean tick: 53ms decreasing chunk view distance to: 19
[00:18:29] [Server thread/WARN]: Can't keep up! Is the server overloaded? Running 2217ms or 44 ticks behind
[00:18:53] [Server thread/INFO]: Mean tick: 50ms decreasing chunk view distance to: 18
[00:18:59] [Server thread/WARN]: Can't keep up! Is the server overloaded? Running 2004ms or 40 ticks behind
[00:19:21] [Server thread/WARN]: Can't keep up! Is the server overloaded? Running 2004ms or 40 ticks behind
[00:19:27] [Server thread/INFO]: Mean tick: 52ms decreasing chunk view distance to: 17
[00:19:42] [Server thread/WARN]: Can't keep up! Is the server overloaded? Running 2007ms or 40 ticks behind
[00:19:59] [Server thread/INFO]: Mean tick: 52ms decreasing chunk view distance to: 16
[00:20:04] [Server thread/INFO]: All players have been successfully backed up
[00:20:07] [Server thread/WARN]: Can't keep up! Is the server overloaded? Running 2001ms or 40 ticks behind
[00:20:24] [Server thread/WARN]: Can't keep up! Is the server overloaded? Running 2413ms or 48 ticks behind
[00:20:33] [Server thread/INFO]: Mean tick: 52ms decreasing chunk view distance to: 15
[00:20:42] [Server thread/WARN]: Can't keep up! Is the server overloaded? Running 2006ms or 40 ticks behind
[00:21:01] [Server thread/WARN]: Can't keep up! Is the server overloaded? Running 2011ms or 40 ticks behind
[00:21:07] [Server thread/INFO]: Mean tick: 53ms decreasing chunk view distance to: 14
[00:21:19] [Server thread/WARN]: Can't keep up! Is the server overloaded? Running 2001ms or 40 ticks behind
[00:21:43] [Server thread/INFO]: Mean tick: 54ms decreasing chunk view distance to: 13
[00:21:43] [Server thread/WARN]: dachmaster moved too quickly! 3.6518471356239743,-0.32352912385572097,9.36796459973209
[00:21:43] [Server thread/WARN]: Can't keep up! Is the server overloaded? Running 4511ms or 90 ticks behind
[00:22:01] [Server thread/WARN]: Can't keep up! Is the server overloaded? Running 2853ms or 57 ticks behind
[00:22:17] [Server thread/INFO]: Mean tick: 56ms decreasing chunk view distance to: 12
[00:22:27] [Server thread/WARN]: Can't keep up! Is the server overloaded? Running 2018ms or 40 ticks behind
[00:22:43] [Server thread/INFO]: VAFL has reached the goal [Discreet Search]
[00:22:48] [Server thread/INFO]: Mean tick: 49ms decreasing chunk view distance to: 11
[00:23:55] [Server thread/INFO]: dachmaster has made the advancement [Best Friends Forever]
[00:24:18] [Server thread/INFO]: Mean tick: 41ms increasing chunk view distance to: 12
[00:24:39] [Server thread/WARN]: Can't keep up! Is the server overloaded? Running 2038ms or 40 ticks behind
[00:24:59] [Server thread/INFO]: Mean tick: 62ms decreasing chunk view distance to: 11
[00:25:06] [Server thread/WARN]: Can't keep up! Is the server overloaded? Running 12244ms or 244 ticks behind
[00:25:30] [Server thread/WARN]: Can't keep up! Is the server overloaded? Running 9056ms or 181 ticks behind
[00:25:48] [Server thread/INFO]: Mean tick: 77ms decreasing chunk view distance to: 10
[00:25:54] [Server thread/WARN]: Can't keep up! Is the server overloaded? Running 9669ms or 193 ticks behind
[00:26:15] [Server thread/WARN]: Can't keep up! Is the server overloaded? Running 5491ms or 109 ticks behind
[00:26:31] [Server thread/INFO]: Mean tick: 71ms decreasing chunk view distance to: 9
[00:26:35] [Server thread/WARN]: Can't keep up! Is the server overloaded? Running 5475ms or 109 ticks behind
[00:27:33] [Server thread/INFO]: Mean tick: 40ms increasing chunk view distance to: 10
[00:27:42] [Server thread/WARN]: Horse (vehicle of dachmaster) moved wrongly! 0.3026764512242508
[00:27:42] [Server thread/WARN]: Horse (vehicle of dachmaster) moved wrongly! 0.8238404209890433
[00:27:42] [Server thread/WARN]: Horse (vehicle of dachmaster) moved wrongly! 0.5301156233302038
[00:27:42] [Server thread/WARN]: Horse (vehicle of dachmaster) moved wrongly! 0.5349181522555995
[00:27:42] [Server thread/WARN]: Horse (vehicle of dachmaster) moved wrongly! 0.5375008220611548
[00:27:42] [Server thread/WARN]: Horse (vehicle of dachmaster) moved wrongly! 0.53888275718122
[00:27:42] [Server thread/WARN]: Horse (vehicle of dachmaster) moved wrongly! 0.5396222031111577
[00:27:42] [Server thread/WARN]: Horse (vehicle of dachmaster) moved wrongly! 0.5400178658853036
[00:27:42] [Server thread/WARN]: Horse (vehicle of dachmaster) moved wrongly! 0.5402295771470875
[00:27:42] [Server thread/WARN]: Horse (vehicle of dachmaster) moved wrongly! 0.5403428596222
[00:27:42] [Server thread/WARN]: Horse (vehicle of dachmaster) moved wrongly! 0.5404034748160242
[00:27:42] [Server thread/WARN]: Horse (vehicle of dachmaster) moved wrongly! 0.5404359087977042
[00:27:42] [Server thread/WARN]: Horse (vehicle of dachmaster) moved wrongly! 0.5405339894841745
[00:27:42] [Server thread/WARN]: Horse (vehicle of dachmaster) moved wrongly! 0.5406172503477222
[00:27:43] [Server thread/WARN]: Horse (vehicle of dachmaster) moved wrongly! 0.5403754621141914
[00:27:43] [Server thread/WARN]: Horse (vehicle of dachmaster) moved wrongly! 0.5396979830499831
[00:27:43] [Server thread/WARN]: Horse (vehicle of dachmaster) moved wrongly! 0.539068768815568
[00:27:43] [Server thread/WARN]: Horse (vehicle of dachmaster) moved wrongly! 0.5054222986346062
[00:27:43] [Server thread/WARN]: Horse (vehicle of dachmaster) moved wrongly! 0.4888501644181744
[00:27:43] [Server thread/WARN]: Horse (vehicle of dachmaster) moved wrongly! 0.5125755698811574
[00:27:43] [Server thread/WARN]: Horse (vehicle of dachmaster) moved wrongly! 0.5254246103827
[00:27:43] [Server thread/WARN]: Horse (vehicle of dachmaster) moved wrongly! 0.5323169890063113
[00:27:43] [Server thread/WARN]: Horse (vehicle of dachmaster) moved wrongly! 0.5355342445709894
[00:27:43] [Server thread/WARN]: Horse (vehicle of dachmaster) moved wrongly! 0.5336294367094325
[00:27:43] [Server thread/WARN]: Horse (vehicle of dachmaster) moved wrongly! 0.5276389075897825
[00:27:43] [Server thread/WARN]: Horse (vehicle of dachmaster) moved wrongly! 0.5240263437986243
[00:27:43] [Server thread/WARN]: Horse (vehicle of dachmaster) moved wrongly! 0.5228034122471215
[00:27:43] [Server thread/WARN]: Horse (vehicle of dachmaster) moved wrongly! 0.5235839201518857
[00:27:43] [Server thread/WARN]: Horse (vehicle of dachmaster) moved wrongly! 0.5265072943945768
[00:27:43] [Server thread/WARN]: Horse (vehicle of dachmaster) moved wrongly! 0.5288659053877325
[00:27:43] [Server thread/WARN]: Horse (vehicle of dachmaster) moved wrongly! 0.2829856015243877
[00:28:14] [Server thread/INFO]: VAFL lost connection: Disconnected
[00:28:14] [Server thread/INFO]: VAFL left the game
[00:28:31] [Server thread/INFO]: Mean tick: 36ms increasing chunk view distance to: 11
[00:29:01] [Server thread/INFO]: Mean tick: 30ms increasing chunk view distance to: 12
[00:29:31] [Server thread/INFO]: Mean tick: 26ms increasing chunk view distance to: 13
[00:30:01] [Server thread/INFO]: Mean tick: 29ms increasing chunk view distance to: 14
[00:30:31] [Server thread/INFO]: Mean tick: 29ms increasing chunk view distance to: 15
[00:30:34] [Server thread/INFO]: <Tray1orp> dinnerbone
[00:31:01] [Server thread/INFO]: Mean tick: 28ms increasing chunk view distance to: 16
[00:31:31] [Server thread/INFO]: Mean tick: 30ms increasing chunk view distance to: 17
[00:32:01] [Server thread/INFO]: Mean tick: 32ms increasing chunk view distance to: 18
[00:32:32] [Server thread/INFO]: Mean tick: 34ms increasing chunk view distance to: 19
[00:33:01] [Server thread/INFO]: Mean tick: 35ms increasing chunk view distance to: 20
[00:36:57] [Server thread/WARN]: Can't keep up! Is the server overloaded? Running 2005ms or 40 ticks behind
[00:37:07] [Server thread/INFO]: Mean tick: 55ms decreasing chunk view distance to: 19
[00:37:14] [Server thread/WARN]: Can't keep up! Is the server overloaded? Running 2055ms or 41 ticks behind
[00:37:36] [Server thread/INFO]: Mean tick: 40ms increasing chunk view distance to: 20
[00:40:04] [Server thread/INFO]: All players have been successfully backed up
[00:40:12] [Server thread/INFO]: Season time skipped by 8177 in minecraft:the_nether
[00:40:12] [Server thread/INFO]: Season time skipped by 8177 in minecraft:the_end
[00:40:12] [Server thread/INFO]: Season time skipped by 8177 in blue_skies:everdawn
[00:40:12] [Server thread/INFO]: Season time skipped by 8177 in mahoutsukai:reality_marble
[00:40:12] [Server thread/INFO]: Season time skipped by 8177 in allthemodium:mining
[00:40:12] [Server thread/INFO]: Season time skipped by 8177 in blue_skies:everbright
[00:40:12] [Server thread/INFO]: Season time skipped by 8177 in appliedenergistics2:spatial_storage
[00:40:12] [Server thread/INFO]: Season time skipped by 8177 in minecraft:overworld
[00:46:07] [Server thread/INFO]: Mean tick: 50ms decreasing chunk view distance to: 19
[00:46:08] [Server thread/WARN]: Can't keep up! Is the server overloaded? Running 2005ms or 40 ticks behind
[00:46:27] [Server thread/WARN]: Can't keep up! Is the server overloaded? Running 2002ms or 40 ticks behind
[00:46:41] [Server thread/INFO]: Mean tick: 54ms decreasing chunk view distance to: 18
[00:46:45] [Server thread/WARN]: Can't keep up! Is the server overloaded? Running 2004ms or 40 ticks behind
[00:47:08] [Server thread/WARN]: Can't keep up! Is the server overloaded? Running 2004ms or 40 ticks behind
[00:47:14] [Server thread/INFO]: Mean tick: 53ms decreasing chunk view distance to: 17
[00:47:46] [Server thread/INFO]: Mean tick: 49ms decreasing chunk view distance to: 16
[00:47:46] [Server thread/WARN]: Can't keep up! Is the server overloaded? Running 2354ms or 47 ticks behind
[00:48:46] [Server thread/INFO]: Mean tick: 37ms increasing chunk view distance to: 17
[00:49:16] [Server thread/INFO]: Mean tick: 33ms increasing chunk view distance to: 18
[00:49:32] [Server thread/INFO]: dachmaster lost connection: Disconnected
[00:49:32] [Server thread/INFO]: dachmaster left the game
[00:49:46] [Server thread/INFO]: Mean tick: 32ms increasing chunk view distance to: 19
[00:50:16] [Server thread/INFO]: Mean tick: 33ms increasing chunk view distance to: 20
[01:00:04] [Server thread/INFO]: All players have been successfully backed up
[01:20:04] [Server thread/INFO]: All players have been successfully backed up
[01:40:04] [Server thread/INFO]: All players have been successfully backed up
[02:00:04] [Server thread/INFO]: All players have been successfully backed up
[02:14:13] [Server thread/INFO]: Tray1orp lost connection: Disconnected
[02:14:13] [Server thread/INFO]: Tray1orp left the game
[02:20:04] [Server thread/INFO]: All players have been successfully backed up
[02:40:04] [Server thread/INFO]: All players have been successfully backed up
[03:00:04] [Server thread/INFO]: All players have been successfully backed up
[03:20:05] [Server thread/INFO]: All players have been successfully backed up
[03:40:05] [Server thread/INFO]: All players have been successfully backed up
[04:00:05] [Server thread/INFO]: All players have been successfully backed up
[04:20:05] [Server thread/INFO]: All players have been successfully backed up
[04:40:05] [Server thread/INFO]: All players have been successfully backed up
[05:00:05] [Server thread/INFO]: All players have been successfully backed up
[05:20:05] [Server thread/INFO]: All players have been successfully backed up
[05:40:05] [Server thread/INFO]: All players have been successfully backed up
[06:00:05] [Server thread/INFO]: All players have been successfully backed up
[06:20:05] [Server thread/INFO]: All players have been successfully backed up
[06:40:05] [Server thread/INFO]: All players have been successfully backed up
[07:00:05] [Server thread/INFO]: All players have been successfully backed up
[07:14:48] [Netty Server IO #22/ERROR]: Channels [utilitix:netchannel,modularrouters:main_channel,blue_skies:main,structure_gel:main,itemcollectors:main,veinmining:main,guardvillagers:main,potionsmaster:main_channel,cfm:network,sophisticatedbackpacks:channel,farmingforblockheads:network,toms_storage:main,silentlib:network,computercraft:network,enhancedcelestials:network,constructionwand:main,simplemagnets:main,multibeds:main_channel,enderthing:main,forge:tier_sorting,buildersaddition:main,alexsmobs:main_channel,cosmeticarmorreworked:main,dummmmmmy:dummychannel,mahoutsukai:main_channel,caelus:main,toolbelt:general,sereneseasons:main_channel,advancedperipherals:main_channel,tesseract:main,supermartijn642configlib:main,comforts:main,configured:play,cookingforblockheads:network,phosphophyllite:multiblock/guisync,tinyredstone:tinyredstone,productivebees:buzzinga,occultism:main,quarryplus:main,waterstrainer:main,elementalcraft:main,citadel:main_channel,securitycraft:securitycraft,paintings:paintingchannelnetwork,dpanvil:main,nekoration:main,packedup:main,libx:netchannel,curios:main,tinygates:tinyredstone,endertanks:main_channel,wirelesschargers:main,shrink:main_channel,polymorph:main,solcarrot:main,structurize:net-channel,minecolonies:net-channel,selene:network,silentgear:network,tombstone:tombstone_channel,trashslot:network,storagenetwork:main_channel,supplementaries:network,platforms:main_channel,patchouli:main,cyclic:main_channel,artifacts:main,multipiston:net-channel,trashcans:main,ironchest:network,dimstorage:net,elevatorid:main_channel,engineersdecor:default_ch,inventoryessentials:network,shetiphiancore:main_channel,waystones:network,solargeneration:net] rejected vanilla connections
[07:14:48] [Netty Server IO #22/INFO]: Disconnecting VANILLA connection attempt: This server has mods that require Forge to be installed on the client. Contact your server admin for more details.
[07:20:05] [Server thread/INFO]: All players have been successfully backed up
[07:40:05] [Server thread/INFO]: All players have been successfully backed up
[08:00:05] [Server thread/INFO]: All players have been successfully backed up
[08:20:05] [Server thread/INFO]: All players have been successfully backed up
[08:40:05] [Server thread/INFO]: All players have been successfully backed up
[09:00:05] [Server thread/INFO]: All players have been successfully backed up
[09:20:05] [Server thread/INFO]: All players have been successfully backed up
[09:40:05] [Server thread/INFO]: All players have been successfully backed up
[10:00:05] [Server thread/INFO]: All players have been successfully backed up
[10:20:05] [Server thread/INFO]: All players have been successfully backed up
[10:40:05] [Server thread/INFO]: All players have been successfully backed up
[10:55:02] [Netty Server IO #18/ERROR]: Channels [utilitix:netchannel,modularrouters:main_channel,blue_skies:main,structure_gel:main,itemcollectors:main,veinmining:main,guardvillagers:main,potionsmaster:main_channel,cfm:network,sophisticatedbackpacks:channel,farmingforblockheads:network,toms_storage:main,silentlib:network,computercraft:network,enhancedcelestials:network,constructionwand:main,simplemagnets:main,multibeds:main_channel,enderthing:main,forge:tier_sorting,buildersaddition:main,alexsmobs:main_channel,cosmeticarmorreworked:main,dummmmmmy:dummychannel,mahoutsukai:main_channel,caelus:main,toolbelt:general,sereneseasons:main_channel,advancedperipherals:main_channel,tesseract:main,supermartijn642configlib:main,comforts:main,configured:play,cookingforblockheads:network,phosphophyllite:multiblock/guisync,tinyredstone:tinyredstone,productivebees:buzzinga,occultism:main,quarryplus:main,waterstrainer:main,elementalcraft:main,citadel:main_channel,securitycraft:securitycraft,paintings:paintingchannelnetwork,dpanvil:main,nekoration:main,packedup:main,libx:netchannel,curios:main,tinygates:tinyredstone,endertanks:main_channel,wirelesschargers:main,shrink:main_channel,polymorph:main,solcarrot:main,structurize:net-channel,minecolonies:net-channel,selene:network,silentgear:network,tombstone:tombstone_channel,trashslot:network,storagenetwork:main_channel,supplementaries:network,platforms:main_channel,patchouli:main,cyclic:main_channel,artifacts:main,multipiston:net-channel,trashcans:main,ironchest:network,dimstorage:net,elevatorid:main_channel,engineersdecor:default_ch,inventoryessentials:network,shetiphiancore:main_channel,waystones:network,solargeneration:net] rejected vanilla connections
[10:55:02] [Netty Server IO #18/INFO]: Disconnecting VANILLA connection attempt: This server has mods that require Forge to be installed on the client. Contact your server admin for more details.
[11:00:05] [Server thread/INFO]: All players have been successfully backed up
[11:20:05] [Server thread/INFO]: All players have been successfully backed up
[11:40:05] [Server thread/INFO]: All players have been successfully backed up
[12:00:05] [Server thread/INFO]: All players have been successfully backed up
[12:20:05] [Server thread/INFO]: All players have been successfully backed up
[12:40:05] [Server thread/INFO]: All players have been successfully backed up
[13:00:05] [Server thread/INFO]: All players have been successfully backed up
[13:20:05] [Server thread/INFO]: All players have been successfully backed up
[13:40:05] [Server thread/INFO]: All players have been successfully backed up
[14:00:05] [Server thread/INFO]: All players have been successfully backed up
[14:20:05] [Server thread/INFO]: All players have been successfully backed up
[14:40:05] [Server thread/INFO]: All players have been successfully backed up
[15:00:05] [Server thread/INFO]: All players have been successfully backed up
[15:20:05] [Server thread/INFO]: All players have been successfully backed up
[15:40:05] [Server thread/INFO]: All players have been successfully backed up
[16:00:05] [Server thread/INFO]: All players have been successfully backed up
[16:20:05] [Server thread/INFO]: All players have been successfully backed up
[16:40:05] [Server thread/INFO]: All players have been successfully backed up
[17:00:05] [Server thread/INFO]: All players have been successfully backed up
[17:20:05] [Server thread/INFO]: All players have been successfully backed up
